::1 - - [27/Jun/2021:17:53:19 +0000] "GET / HTTP/1.1" 302 66
::1 - - [27/Jun/2021:17:53:20 +0000] "GET /auth/login HTTP/1.1" 304 -
::1 - - [27/Jun/2021:17:53:31 +0000] "POST /auth/login HTTP/1.1" 302 46
::1 - - [27/Jun/2021:17:53:31 +0000] "GET / HTTP/1.1" 200 4906
::1 - - [27/Jun/2021:17:53:32 +0000] "GET /api/notifications?badgesOnly=true HTTP/1.1" 304 -
::1 - - [27/Jun/2021:17:53:32 +0000] "GET /api/chats?badgesOnly=true HTTP/1.1" 304 -
::1 - - [27/Jun/2021:17:53:32 +0000] "GET /api/posts?followingOnly=true HTTP/1.1" 200 721
::1 - - [27/Jun/2021:17:55:13 +0000] "GET / HTTP/1.1" 302 66
::1 - - [27/Jun/2021:17:55:13 +0000] "GET /auth/login HTTP/1.1" 200 1416
::1 - - [27/Jun/2021:17:55:19 +0000] "POST /auth/login HTTP/1.1" 302 46
::1 - - [27/Jun/2021:17:55:19 +0000] "GET / HTTP/1.1" 200 4950
::1 - - [27/Jun/2021:17:55:19 +0000] "GET /api/chats?badgesOnly=true HTTP/1.1" 200 640
::1 - - [27/Jun/2021:17:55:19 +0000] "GET /api/notifications?badgesOnly=true HTTP/1.1" 200 3294
::1 - - [27/Jun/2021:17:55:20 +0000] "GET /api/posts?followingOnly=true HTTP/1.1" 304 -
::1 - - [28/Jun/2021:01:59:26 +0000] "GET / HTTP/1.1" 302 66
::1 - - [28/Jun/2021:01:59:27 +0000] "GET /auth/login HTTP/1.1" 200 1416
::1 - - [28/Jun/2021:01:59:28 +0000] "GET /favicon.ico HTTP/1.1" 404 150
::1 - - [28/Jun/2021:01:59:36 +0000] "POST /auth/login HTTP/1.1" 302 46
::1 - - [28/Jun/2021:01:59:36 +0000] "GET / HTTP/1.1" 200 4950
::1 - - [28/Jun/2021:01:59:37 +0000] "GET /api/chats?badgesOnly=true HTTP/1.1" 200 2
::1 - - [28/Jun/2021:01:59:37 +0000] "GET /api/notifications?badgesOnly=true HTTP/1.1" 200 3528
::1 - - [28/Jun/2021:01:59:37 +0000] "GET /api/posts?followingOnly=true HTTP/1.1" 200 747
::1 - - [28/Jun/2021:02:08:17 +0000] "GET / HTTP/1.1" 302 66
::1 - - [28/Jun/2021:02:08:18 +0000] "GET /auth/login HTTP/1.1" 200 1416
::1 - - [28/Jun/2021:02:08:23 +0000] "POST /auth/login HTTP/1.1" 302 46
::1 - - [28/Jun/2021:02:08:23 +0000] "GET / HTTP/1.1" 200 4950
::1 - - [28/Jun/2021:02:08:24 +0000] "GET /api/chats?badgesOnly=true HTTP/1.1" 304 -
::1 - - [28/Jun/2021:02:08:24 +0000] "GET /api/notifications?badgesOnly=true HTTP/1.1" 304 -
::1 - - [28/Jun/2021:02:08:24 +0000] "GET /api/posts?followingOnly=true HTTP/1.1" 304 -
::ffff:127.0.0.1 - - [28/Jun/2021:02:18:45 +0000] "GET / HTTP/1.1" 302 66
::ffff:127.0.0.1 - - [28/Jun/2021:02:18:46 +0000] "GET /auth/login HTTP/1.1" 200 1416
::ffff:127.0.0.1 - - [28/Jun/2021:02:18:51 +0000] "POST /auth/login HTTP/1.1" 302 46
::ffff:127.0.0.1 - - [28/Jun/2021:02:18:52 +0000] "GET / HTTP/1.1" 200 4950
::1 - - [28/Jun/2021:02:18:53 +0000] "GET /api/chats?badgesOnly=true HTTP/1.1" 304 -
::1 - - [28/Jun/2021:02:18:53 +0000] "GET /api/notifications?badgesOnly=true HTTP/1.1" 304 -
::ffff:127.0.0.1 - - [28/Jun/2021:02:18:53 +0000] "GET /api/posts?followingOnly=true HTTP/1.1" 304 -
::1 - - [28/Jun/2021:02:22:39 +0000] "GET / HTTP/1.1" 302 66
::1 - - [28/Jun/2021:02:22:40 +0000] "GET /auth/login HTTP/1.1" 200 -
::1 - - [28/Jun/2021:02:22:44 +0000] "POST /auth/login HTTP/1.1" 302 46
::1 - - [28/Jun/2021:02:22:45 +0000] "GET / HTTP/1.1" 200 -
::1 - - [28/Jun/2021:02:22:46 +0000] "GET /api/chats?badgesOnly=true HTTP/1.1" 304 -
::1 - - [28/Jun/2021:02:22:46 +0000] "GET /api/notifications?badgesOnly=true HTTP/1.1" 304 -
::1 - - [28/Jun/2021:02:22:46 +0000] "GET /api/posts?followingOnly=true HTTP/1.1" 304 -
::1 - - [28/Jun/2021:02:22:59 +0000] "GET / HTTP/1.1" 304 -
::1 - - [28/Jun/2021:02:23:00 +0000] "GET /api/notifications?badgesOnly=true HTTP/1.1" 304 -
::1 - - [28/Jun/2021:02:23:00 +0000] "GET /api/chats?badgesOnly=true HTTP/1.1" 304 -
::1 - - [28/Jun/2021:02:23:00 +0000] "GET /api/posts?followingOnly=true HTTP/1.1" 304 -
::1 - - [28/Jun/2021:02:23:20 +0000] "GET / HTTP/1.1" 302 66
::1 - - [28/Jun/2021:02:23:20 +0000] "GET /auth/login HTTP/1.1" 200 -
::1 - - [28/Jun/2021:02:23:27 +0000] "POST /auth/login HTTP/1.1" 302 46
::1 - - [28/Jun/2021:02:23:27 +0000] "GET / HTTP/1.1" 200 -
::1 - - [28/Jun/2021:02:23:28 +0000] "GET /api/chats?badgesOnly=true HTTP/1.1" 304 -
::1 - - [28/Jun/2021:02:23:29 +0000] "GET /api/notifications?badgesOnly=true HTTP/1.1" 304 -
::1 - - [28/Jun/2021:02:23:29 +0000] "GET /api/posts?followingOnly=true HTTP/1.1" 304 -
::ffff:127.0.0.1 - - [28/Jun/2021:02:25:34 +0000] "GET / HTTP/1.1" 302 66
::ffff:127.0.0.1 - - [28/Jun/2021:02:25:35 +0000] "GET /auth/login HTTP/1.1" 200 -
::1 - - [28/Jun/2021:02:25:40 +0000] "POST /auth/login HTTP/1.1" 302 46
::1 - - [28/Jun/2021:02:25:41 +0000] "GET / HTTP/1.1" 200 -
::1 - - [28/Jun/2021:02:25:42 +0000] "GET /api/chats?badgesOnly=true HTTP/1.1" 304 -
::1 - - [28/Jun/2021:02:25:42 +0000] "GET /api/notifications?badgesOnly=true HTTP/1.1" 304 -
::1 - - [28/Jun/2021:02:25:42 +0000] "GET /api/posts?followingOnly=true HTTP/1.1" 304 -
::1 - - [28/Jun/2021:02:25:59 +0000] "GET /profile HTTP/1.1" 200 -
::1 - - [28/Jun/2021:02:26:00 +0000] "GET /api/posts?postedBy=60d8683e98dbba38388b599a&isPinned=true HTTP/1.1" 304 -
::1 - - [28/Jun/2021:02:26:00 +0000] "GET /api/chats?badgesOnly=true HTTP/1.1" 304 -
::1 - - [28/Jun/2021:02:26:00 +0000] "GET /api/notifications?badgesOnly=true HTTP/1.1" 304 -
::1 - - [28/Jun/2021:02:26:00 +0000] "GET /api/posts?postedBy=60d8683e98dbba38388b599a&isReply=false HTTP/1.1" 200 747
::1 - - [28/Jun/2021:02:26:04 +0000] "GET /messages HTTP/1.1" 304 -
::1 - - [28/Jun/2021:02:26:05 +0000] "GET /api/chats?badgesOnly=true HTTP/1.1" 304 -
::1 - - [28/Jun/2021:02:26:05 +0000] "GET /api/notifications?badgesOnly=true HTTP/1.1" 304 -
::1 - - [28/Jun/2021:02:26:05 +0000] "GET /api/chats HTTP/1.1" 200 -
::1 - - [28/Jun/2021:02:26:13 +0000] "GET /messages HTTP/1.1" 304 -
::1 - - [28/Jun/2021:02:26:13 +0000] "GET /api/notifications?badgesOnly=true HTTP/1.1" 304 -
::1 - - [28/Jun/2021:02:26:13 +0000] "GET /api/chats?badgesOnly=true HTTP/1.1" 304 -
::1 - - [28/Jun/2021:02:26:14 +0000] "GET /api/chats HTTP/1.1" 304 -
::1 - - [28/Jun/2021:02:26:16 +0000] "GET / HTTP/1.1" 304 -
::1 - - [28/Jun/2021:02:26:17 +0000] "GET /api/chats?badgesOnly=true HTTP/1.1" 304 -
::1 - - [28/Jun/2021:02:26:17 +0000] "GET /api/posts?followingOnly=true HTTP/1.1" 304 -
::1 - - [28/Jun/2021:02:26:17 +0000] "GET /api/notifications?badgesOnly=true HTTP/1.1" 304 -
::1 - - [28/Jun/2021:02:26:19 +0000] "GET /profile HTTP/1.1" 304 -
::1 - - [28/Jun/2021:02:26:19 +0000] "GET /api/posts?postedBy=60d8683e98dbba38388b599a&isPinned=true HTTP/1.1" 304 -
::1 - - [28/Jun/2021:02:26:19 +0000] "GET /api/notifications?badgesOnly=true HTTP/1.1" 304 -
::1 - - [28/Jun/2021:02:26:19 +0000] "GET /api/posts?postedBy=60d8683e98dbba38388b599a&isReply=false HTTP/1.1" 304 -
::1 - - [28/Jun/2021:02:26:19 +0000] "GET /api/chats?badgesOnly=true HTTP/1.1" 304 -
